app/build/intermediates/manifest_merge_blame_file/release/manifest-merger-blame-release-report.txt
1<?xml version="1.0" encoding="utf-8"?>
2<manifest xmlns:android="http://schemas.android.com/apk/res/android"
3    package="com.messi.languagehelper"
4    android:versionCode="49"
5    android:versionName="4.5.9" >
6
7    <uses-sdk
8        android:minSdkVersion="16"
8-->src/main/AndroidManifest.xml
9        android:targetSdkVersion="28" />
9-->src/main/AndroidManifest.xml
10
11    <uses-permission android:name="android.permission.INTERNET" />
11-->src/main/AndroidManifest.xml:6:5-67
11-->src/main/AndroidManifest.xml:6:22-64
12    <uses-permission android:name="android.permission.RECORD_AUDIO" />
12-->src/main/AndroidManifest.xml:7:5-71
12-->src/main/AndroidManifest.xml:7:22-68
13    <uses-permission android:name="android.permission.ACCESS_NETWORK_STATE" />
13-->src/main/AndroidManifest.xml:8:5-79
13-->src/main/AndroidManifest.xml:8:22-76
14    <uses-permission android:name="android.permission.ACCESS_WIFI_STATE" />
14-->src/main/AndroidManifest.xml:9:5-76
14-->src/main/AndroidManifest.xml:9:22-73
15    <uses-permission android:name="android.permission.CHANGE_NETWORK_STATE" />
15-->src/main/AndroidManifest.xml:10:5-79
15-->src/main/AndroidManifest.xml:10:22-76
16    <uses-permission android:name="android.permission.READ_PHONE_STATE" />
16-->src/main/AndroidManifest.xml:11:5-75
16-->src/main/AndroidManifest.xml:11:22-72
17    <uses-permission android:name="android.permission.WRITE_EXTERNAL_STORAGE" />
17-->src/main/AndroidManifest.xml:12:5-81
17-->src/main/AndroidManifest.xml:12:22-78
18    <uses-permission android:name="android.permission.READ_EXTERNAL_STORAGE" />
18-->src/main/AndroidManifest.xml:13:5-80
18-->src/main/AndroidManifest.xml:13:22-77
19    <uses-permission android:name="android.permission.ACCESS_COARSE_LOCATION" />
19-->src/main/AndroidManifest.xml:14:5-81
19-->src/main/AndroidManifest.xml:14:22-78
20    <uses-permission android:name="android.permission.ACCESS_COARSE_UPDATES" />
20-->src/main/AndroidManifest.xml:15:5-80
20-->src/main/AndroidManifest.xml:15:22-77
21    <uses-permission android:name="android.permission.ACCESS_FINE_LOCATION" />
21-->src/main/AndroidManifest.xml:16:5-79
21-->src/main/AndroidManifest.xml:16:22-76
22    <uses-permission android:name="android.permission.FOREGROUND_SERVICE" />
22-->src/main/AndroidManifest.xml:17:5-77
22-->src/main/AndroidManifest.xml:17:22-74
23    <uses-permission android:name="android.permission.GET_ACCOUNTS" />
23-->src/main/AndroidManifest.xml:18:5-71
23-->src/main/AndroidManifest.xml:18:22-68
24    <uses-permission android:name="android.permission.VIBRATE" />
24-->src/main/AndroidManifest.xml:19:5-66
24-->src/main/AndroidManifest.xml:19:22-63
25    <uses-permission android:name="android.permission.WAKE_LOCK" />
25-->src/main/AndroidManifest.xml:20:5-68
25-->src/main/AndroidManifest.xml:20:22-65
26    <uses-permission android:name="android.permission.CAMERA" />
26-->src/main/AndroidManifest.xml:21:5-65
26-->src/main/AndroidManifest.xml:21:22-62
27    <uses-permission android:name="android.permission.REQUEST_INSTALL_PACKAGES" />
27-->src/main/AndroidManifest.xml:22:5-82
27-->src/main/AndroidManifest.xml:22:22-80
28
29    <uses-feature
29-->src/main/AndroidManifest.xml:24:5-26:35
30        android:name="android.hardware.camera"
30-->src/main/AndroidManifest.xml:25:9-47
31        android:required="true" />
31-->src/main/AndroidManifest.xml:26:9-32
32    <uses-feature android:name="android.hardware.camera.autofocus" />
32-->src/main/AndroidManifest.xml:28:5-70
32-->src/main/AndroidManifest.xml:28:19-67
33
34    <application
34-->src/main/AndroidManifest.xml:30:5-551:19
35        android:name="com.messi.languagehelper.BaseApplication"
35-->src/main/AndroidManifest.xml:31:9-40
36        android:allowBackup="true"
36-->src/main/AndroidManifest.xml:32:9-35
37        android:appComponentFactory="android.support.v4.app.CoreComponentFactory"
37-->[com.android.support:support-compat:28.0.0] AndroidManifest.xml:22:18-91
38        android:extractNativeLibs="true"
38-->src/main/AndroidManifest.xml:38:9-41
39        android:icon="@mipmap/ic_launcher"
39-->src/main/AndroidManifest.xml:33:9-43
40        android:label="@string/app_name"
40-->src/main/AndroidManifest.xml:35:9-41
41        android:supportsRtl="true"
41-->src/main/AndroidManifest.xml:36:9-35
42        android:theme="@style/AppTheme"
42-->src/main/AndroidManifest.xml:37:9-40
43        android:usesCleartextTraffic="true" >
43-->src/main/AndroidManifest.xml:34:9-44
44        <uses-library
44-->src/main/AndroidManifest.xml:42:9-43:39
45            android:name="org.apache.http.legacy"
45-->src/main/AndroidManifest.xml:42:23-60
46            android:required="false" />
46-->src/main/AndroidManifest.xml:43:13-37
47
48        <provider
49            android:name="android.support.v4.content.FileProvider"
49-->src/main/AndroidManifest.xml:46:13-67
50            android:authorities="com.messi.languagehelper.provider"
50-->src/main/AndroidManifest.xml:47:13-60
51            android:exported="false"
51-->src/main/AndroidManifest.xml:48:13-37
52            android:grantUriPermissions="true" >
52-->src/main/AndroidManifest.xml:49:13-47
53            <meta-data
53-->src/main/AndroidManifest.xml:50:13-52:54
54                android:name="android.support.FILE_PROVIDER_PATHS"
54-->src/main/AndroidManifest.xml:51:17-67
55                android:resource="@xml/file_paths" />
55-->src/main/AndroidManifest.xml:52:17-51
56        </provider>
57
58        <activity
58-->src/main/AndroidManifest.xml:55:9-62:20
59            android:name="com.messi.languagehelper.LoadingActivity"
59-->src/main/AndroidManifest.xml:56:13-44
60            android:theme="@style/AppTheme.Launcher" >
60-->src/main/AndroidManifest.xml:57:13-53
61            <intent-filter>
61-->src/main/AndroidManifest.xml:58:13-61:29
62                <action android:name="android.intent.action.MAIN" />
62-->src/main/AndroidManifest.xml:59:17-69
62-->src/main/AndroidManifest.xml:59:25-66
63
64                <category android:name="android.intent.category.LAUNCHER" />
64-->src/main/AndroidManifest.xml:60:17-77
64-->src/main/AndroidManifest.xml:60:27-74
65            </intent-filter>
66        </activity>
67
68        <meta-data
69            android:name="ProviderId"
69-->src/main/AndroidManifest.xml:65:13-38
70            android:value="com.messi.languagehelper.provider" />
70-->src/main/AndroidManifest.xml:66:13-54
71        <meta-data
71-->src/main/AndroidManifest.xml:68:9-74
72            android:name="UMENG_CHANNEL"
72-->src/main/AndroidManifest.xml:68:44-72
73            android:value="tencent" />
73-->src/main/AndroidManifest.xml:68:20-43
74        <meta-data
74-->src/main/AndroidManifest.xml:70:9-76
75            android:name="android.max_aspect"
75-->src/main/AndroidManifest.xml:70:20-53
76            android:value="2.1" />
76-->src/main/AndroidManifest.xml:70:54-73
77        <!-- csj ad -->
78        <provider
79            android:name="com.bytedance.sdk.openadsdk.TTFileProvider"
79-->src/main/AndroidManifest.xml:73:13-70
80            android:authorities="com.messi.languagehelper.TTFileProvider"
80-->src/main/AndroidManifest.xml:74:13-66
81            android:exported="false"
81-->src/main/AndroidManifest.xml:75:13-37
82            android:grantUriPermissions="true" >
82-->src/main/AndroidManifest.xml:76:13-47
83            <meta-data
83-->src/main/AndroidManifest.xml:50:13-52:54
84                android:name="android.support.FILE_PROVIDER_PATHS"
84-->src/main/AndroidManifest.xml:51:17-67
85                android:resource="@xml/file_paths" />
85-->src/main/AndroidManifest.xml:52:17-51
86        </provider>
87        <provider
88            android:name="com.bytedance.sdk.openadsdk.multipro.TTMultiProvider"
88-->src/main/AndroidManifest.xml:83:13-80
89            android:authorities="com.messi.languagehelper.TTMultiProvider"
89-->src/main/AndroidManifest.xml:84:13-67
90            android:exported="false" />
90-->src/main/AndroidManifest.xml:85:13-37
91
92        <!-- baidu ad -->
93        <activity
93-->src/main/AndroidManifest.xml:88:9-91:75
94            android:name="com.baidu.mobads.AppActivity"
94-->src/main/AndroidManifest.xml:89:13-56
95            android:configChanges="keyboard|keyboardHidden|orientation"
95-->src/main/AndroidManifest.xml:90:13-72
96            android:theme="@android:style/Theme.Translucent.NoTitleBar" />
96-->src/main/AndroidManifest.xml:91:13-72
97
98        <provider
99            android:name="com.baidu.mobads.openad.FileProvider"
99-->src/main/AndroidManifest.xml:93:13-64
100            android:authorities="com.messi.languagehelper.bd.provider"
100-->src/main/AndroidManifest.xml:94:13-63
101            android:exported="false"
101-->src/main/AndroidManifest.xml:95:13-37
102            android:grantUriPermissions="true" >
102-->src/main/AndroidManifest.xml:96:13-47
103            <meta-data
103-->src/main/AndroidManifest.xml:50:13-52:54
104                android:name="android.support.FILE_PROVIDER_PATHS"
104-->src/main/AndroidManifest.xml:51:17-67
105                android:resource="@xml/bd_file_paths" />
105-->src/main/AndroidManifest.xml:52:17-51
106        </provider>
107
108        <!-- 喜马拉雅fm -->
109        <meta-data
109-->src/main/AndroidManifest.xml:103:9-105:64
110            android:name="app_key"
110-->src/main/AndroidManifest.xml:104:13-35
111            android:value="a167180a30ec21d09c1c78ccacdf5d43" />
111-->src/main/AndroidManifest.xml:105:13-61
112        <meta-data
112-->src/main/AndroidManifest.xml:106:9-108:56
113            android:name="pack_id"
113-->src/main/AndroidManifest.xml:107:13-35
114            android:value="com.messi.languagehelper" />
114-->src/main/AndroidManifest.xml:108:13-53
115
116        <!-- 讯飞广告sdk -->
117        <meta-data
117-->src/main/AndroidManifest.xml:111:9-113:40
118            android:name="IFLYTEK_APPKEY_AD"
118-->src/main/AndroidManifest.xml:112:13-45
119            android:value="5450bd92" />
119-->src/main/AndroidManifest.xml:113:13-37
120        <meta-data
120-->src/main/AndroidManifest.xml:114:9-116:37
121            android:name="IFLYTEK_CHANNEL"
121-->src/main/AndroidManifest.xml:115:13-43
122            android:value="messi" />
122-->src/main/AndroidManifest.xml:116:13-34
123
124        <service
124-->src/main/AndroidManifest.xml:118:9-120:43
125            android:name="com.iflytek.voiceads.download.DownloadService"
125-->src/main/AndroidManifest.xml:119:13-73
126            android:stopWithTask="true" />
126-->src/main/AndroidManifest.xml:120:13-40
127
128        <activity
128-->src/main/AndroidManifest.xml:122:9-126:15
129            android:name="com.iflytek.voiceads.request.IFLYBrowser"
129-->src/main/AndroidManifest.xml:123:13-68
130            android:screenOrientation="portrait"
130-->src/main/AndroidManifest.xml:124:13-49
131            android:theme="@style/AppThemeForXF" />
131-->src/main/AndroidManifest.xml:125:13-49
132        <!-- 讯飞广告sdk -->
133
134
135        <!-- 腾讯广告 -->
136        <service
136-->src/main/AndroidManifest.xml:130:9-131:40
137            android:name="com.qq.e.comm.DownloadService"
137-->src/main/AndroidManifest.xml:130:18-62
138            android:exported="false" />
138-->src/main/AndroidManifest.xml:131:13-37
139
140        <activity
140-->src/main/AndroidManifest.xml:132:9-133:86
141            android:name="com.qq.e.ads.ADActivity"
141-->src/main/AndroidManifest.xml:132:19-57
142            android:configChanges="keyboard|keyboardHidden|orientation|screenSize" />
142-->src/main/AndroidManifest.xml:133:13-83
143        <activity
143-->src/main/AndroidManifest.xml:134:9-136:86
144            android:name="com.qq.e.ads.PortraitADActivity"
144-->src/main/AndroidManifest.xml:134:19-65
145            android:configChanges="keyboard|keyboardHidden|orientation|screenSize"
145-->src/main/AndroidManifest.xml:136:13-83
146            android:screenOrientation="portrait" />
146-->src/main/AndroidManifest.xml:135:13-49
147        <activity
147-->src/main/AndroidManifest.xml:137:9-139:86
148            android:name="com.qq.e.ads.LandscapeADActivity"
148-->src/main/AndroidManifest.xml:137:19-66
149            android:configChanges="keyboard|keyboardHidden|orientation|screenSize"
149-->src/main/AndroidManifest.xml:139:13-83
150            android:screenOrientation="landscape" />
150-->src/main/AndroidManifest.xml:138:13-50
151        <!-- 腾讯广告 -->
152
153        <service
153-->src/main/AndroidManifest.xml:142:9-151:19
154            android:name="com.messi.languagehelper.service.PlayerService"
154-->src/main/AndroidManifest.xml:143:13-50
155            android:exported="true" >
155-->src/main/AndroidManifest.xml:144:13-36
156            <intent-filter>
156-->src/main/AndroidManifest.xml:145:13-150:29
157                <action android:name="com.messi.languagehelper.music.start" />
157-->src/main/AndroidManifest.xml:146:17-79
157-->src/main/AndroidManifest.xml:146:25-76
158                <action android:name="com.messi.languagehelper.music.pause" />
158-->src/main/AndroidManifest.xml:147:17-79
158-->src/main/AndroidManifest.xml:147:25-76
159                <action android:name="com.messi.languagehelper.music.next" />
159-->src/main/AndroidManifest.xml:148:17-78
159-->src/main/AndroidManifest.xml:148:25-75
160                <action android:name="com.messi.languagehelper.music.previous" />
160-->src/main/AndroidManifest.xml:149:17-82
160-->src/main/AndroidManifest.xml:149:25-79
161            </intent-filter>
162        </service>
163        <service
163-->src/main/AndroidManifest.xml:152:9-154:41
164            android:name="com.ximalaya.ting.android.opensdk.player.service.XmPlayerService"
164-->src/main/AndroidManifest.xml:153:13-92
165            android:process=":player" />
165-->src/main/AndroidManifest.xml:154:13-38
166
167        <receiver
167-->src/main/AndroidManifest.xml:156:9-167:20
168            android:name="com.ximalaya.ting.android.opensdk.player.receive.PlayerReceiver"
168-->src/main/AndroidManifest.xml:157:13-91
169            android:exported="true"
169-->src/main/AndroidManifest.xml:158:13-36
170            android:process=":player" >
170-->src/main/AndroidManifest.xml:159:13-38
171            <intent-filter>
171-->src/main/AndroidManifest.xml:160:13-166:29
172                <action android:name="com.ximalaya.ting.android.ACTION_CONTROL_START_PAUSE" />
172-->src/main/AndroidManifest.xml:161:17-95
172-->src/main/AndroidManifest.xml:161:25-92
173                <action android:name="com.ximalaya.ting.android.ACTION_CONTROL_PLAY_PRE" />
173-->src/main/AndroidManifest.xml:162:17-92
173-->src/main/AndroidManifest.xml:162:25-89
174                <action android:name="com.ximalaya.ting.android.ACTION_CONTROL_PLAY_NEXT" />
174-->src/main/AndroidManifest.xml:163:17-93
174-->src/main/AndroidManifest.xml:163:25-90
175                <action android:name="com.ximalaya.ting.android.ACTION_CLOSE" />
175-->src/main/AndroidManifest.xml:164:17-81
175-->src/main/AndroidManifest.xml:164:25-78
176                <action android:name="com.ximalaya.ting.android.ACTION_CONTROL_RELEASE_SERVICE" />
176-->src/main/AndroidManifest.xml:165:17-99
176-->src/main/AndroidManifest.xml:165:25-96
177            </intent-filter>
178        </receiver>
179        <receiver
179-->src/main/AndroidManifest.xml:168:9-171:41
180            android:name="com.ximalaya.ting.android.opensdk.player.receive.WireControlReceiver"
180-->src/main/AndroidManifest.xml:169:13-96
181            android:exported="true"
181-->src/main/AndroidManifest.xml:170:13-36
182            android:process=":player" />
182-->src/main/AndroidManifest.xml:171:13-38
183        <receiver
183-->src/main/AndroidManifest.xml:172:9-179:20
184            android:name="com.messi.languagehelper.service.XimalayaReceiver"
184-->src/main/AndroidManifest.xml:173:13-53
185            android:exported="true"
185-->src/main/AndroidManifest.xml:174:13-36
186            android:process=":player" >
186-->src/main/AndroidManifest.xml:175:13-38
187            <intent-filter>
187-->src/main/AndroidManifest.xml:176:13-178:29
188                <action android:name="com.app.test.android.Action_Close" />
188-->src/main/AndroidManifest.xml:177:17-76
188-->src/main/AndroidManifest.xml:177:25-73
189            </intent-filter>
190        </receiver>
191
192        <activity
192-->src/main/AndroidManifest.xml:181:9-184:52
193            android:name="com.messi.languagehelper.ReadDetailTouTiaoActivity"
193-->src/main/AndroidManifest.xml:182:13-54
194            android:configChanges="orientation|keyboardHidden|screenSize"
194-->src/main/AndroidManifest.xml:183:13-74
195            android:screenOrientation="portrait" />
195-->src/main/AndroidManifest.xml:184:13-49
196        <activity
196-->src/main/AndroidManifest.xml:185:9-187:52
197            android:name="com.messi.languagehelper.XVideoSearchResultActivity"
197-->src/main/AndroidManifest.xml:186:13-55
198            android:screenOrientation="portrait" />
198-->src/main/AndroidManifest.xml:187:13-49
199        <activity
199-->src/main/AndroidManifest.xml:188:9-190:52
200            android:name="com.messi.languagehelper.XVideoHomeActivity"
200-->src/main/AndroidManifest.xml:189:13-47
201            android:screenOrientation="portrait" />
201-->src/main/AndroidManifest.xml:190:13-49
202        <activity
202-->src/main/AndroidManifest.xml:191:9-193:52
203            android:name="com.messi.languagehelper.LoadingPreActivity"
203-->src/main/AndroidManifest.xml:192:13-47
204            android:screenOrientation="portrait" />
204-->src/main/AndroidManifest.xml:193:13-49
205        <activity
205-->src/main/AndroidManifest.xml:194:9-196:52
206            android:name="com.messi.languagehelper.XVideoDetailActivity"
206-->src/main/AndroidManifest.xml:195:13-49
207            android:screenOrientation="portrait" />
207-->src/main/AndroidManifest.xml:196:13-49
208        <activity
208-->src/main/AndroidManifest.xml:197:9-199:52
209            android:name="com.messi.languagehelper.ImgViewActivity"
209-->src/main/AndroidManifest.xml:198:13-44
210            android:screenOrientation="portrait" />
210-->src/main/AndroidManifest.xml:199:13-49
211        <activity
211-->src/main/AndroidManifest.xml:200:9-202:52
212            android:name="com.messi.languagehelper.InstallActivity"
212-->src/main/AndroidManifest.xml:201:13-44
213            android:screenOrientation="portrait" />
213-->src/main/AndroidManifest.xml:202:13-49
214        <activity
214-->src/main/AndroidManifest.xml:203:9-205:52
215            android:name="com.messi.languagehelper.TitleActivity"
215-->src/main/AndroidManifest.xml:204:13-42
216            android:screenOrientation="portrait" />
216-->src/main/AndroidManifest.xml:205:13-49
217        <activity
217-->src/main/AndroidManifest.xml:206:9-208:52
218            android:name="com.messi.languagehelper.ReadingDetailLrcActivity"
218-->src/main/AndroidManifest.xml:207:13-53
219            android:screenOrientation="portrait" />
219-->src/main/AndroidManifest.xml:208:13-49
220        <activity
220-->src/main/AndroidManifest.xml:209:9-211:52
221            android:name="com.messi.languagehelper.CaricatureSourceActivity"
221-->src/main/AndroidManifest.xml:210:13-53
222            android:screenOrientation="portrait" />
222-->src/main/AndroidManifest.xml:211:13-49
223        <activity
223-->src/main/AndroidManifest.xml:212:9-214:52
224            android:name="com.messi.languagehelper.CaricatureSearchResultActivity"
224-->src/main/AndroidManifest.xml:213:13-59
225            android:screenOrientation="portrait" />
225-->src/main/AndroidManifest.xml:214:13-49
226        <activity
226-->src/main/AndroidManifest.xml:215:9-217:52
227            android:name="com.messi.languagehelper.CaricatureSearchActivity"
227-->src/main/AndroidManifest.xml:216:13-53
228            android:screenOrientation="portrait" />
228-->src/main/AndroidManifest.xml:217:13-49
229        <activity
229-->src/main/AndroidManifest.xml:218:9-220:52
230            android:name="com.messi.languagehelper.WebViewForCaricatureActivity"
230-->src/main/AndroidManifest.xml:219:13-57
231            android:screenOrientation="portrait" />
231-->src/main/AndroidManifest.xml:220:13-49
232        <activity
232-->src/main/AndroidManifest.xml:221:9-223:52
233            android:name="com.messi.languagehelper.MomentsAddActivity"
233-->src/main/AndroidManifest.xml:222:13-47
234            android:screenOrientation="portrait" />
234-->src/main/AndroidManifest.xml:223:13-49
235        <activity
235-->src/main/AndroidManifest.xml:224:9-226:52
236            android:name="com.messi.languagehelper.MomentsComentActivity"
236-->src/main/AndroidManifest.xml:225:13-50
237            android:screenOrientation="portrait" />
237-->src/main/AndroidManifest.xml:226:13-49
238        <activity
238-->src/main/AndroidManifest.xml:227:9-229:52
239            android:name="com.messi.languagehelper.MomentsActivity"
239-->src/main/AndroidManifest.xml:228:13-44
240            android:screenOrientation="portrait" />
240-->src/main/AndroidManifest.xml:229:13-49
241        <activity
241-->src/main/AndroidManifest.xml:230:9-232:52
242            android:name="com.messi.languagehelper.PhotoSearchActivity"
242-->src/main/AndroidManifest.xml:231:13-48
243            android:screenOrientation="portrait" />
243-->src/main/AndroidManifest.xml:232:13-49
244        <activity
244-->src/main/AndroidManifest.xml:233:9-235:52
245            android:name="com.messi.languagehelper.CaricatureDetailActivity"
245-->src/main/AndroidManifest.xml:234:13-53
246            android:screenOrientation="portrait" />
246-->src/main/AndroidManifest.xml:235:13-49
247        <activity
247-->src/main/AndroidManifest.xml:236:9-238:52
248            android:name="com.messi.languagehelper.CaricatureMainActivity"
248-->src/main/AndroidManifest.xml:237:13-51
249            android:screenOrientation="portrait" />
249-->src/main/AndroidManifest.xml:238:13-49
250        <activity
250-->src/main/AndroidManifest.xml:239:9-241:52
251            android:name="com.messi.languagehelper.WebsiteListActivity"
251-->src/main/AndroidManifest.xml:240:13-48
252            android:screenOrientation="portrait" />
252-->src/main/AndroidManifest.xml:241:13-49
253        <activity
253-->src/main/AndroidManifest.xml:242:9-244:52
254            android:name="com.messi.languagehelper.WebViewForMiaosouActivity"
254-->src/main/AndroidManifest.xml:243:13-54
255            android:screenOrientation="portrait" />
255-->src/main/AndroidManifest.xml:244:13-49
256        <activity
256-->src/main/AndroidManifest.xml:245:9-247:52
257            android:name="com.messi.languagehelper.MiaosouDetailActivity"
257-->src/main/AndroidManifest.xml:246:13-50
258            android:screenOrientation="portrait" />
258-->src/main/AndroidManifest.xml:247:13-49
259        <activity
259-->src/main/AndroidManifest.xml:248:9-250:52
260            android:name="com.messi.languagehelper.WebViewWithCollectedActivity"
260-->src/main/AndroidManifest.xml:249:13-57
261            android:screenOrientation="portrait" />
261-->src/main/AndroidManifest.xml:250:13-49
262        <activity
262-->src/main/AndroidManifest.xml:251:9-253:52
263            android:name="com.messi.languagehelper.NovelResultListActivity"
263-->src/main/AndroidManifest.xml:252:13-52
264            android:screenOrientation="portrait" />
264-->src/main/AndroidManifest.xml:253:13-49
265        <activity
265-->src/main/AndroidManifest.xml:254:9-256:52
266            android:name="com.messi.languagehelper.CNSearchActivity"
266-->src/main/AndroidManifest.xml:255:13-45
267            android:screenOrientation="portrait" />
267-->src/main/AndroidManifest.xml:256:13-49
268        <activity
268-->src/main/AndroidManifest.xml:257:9-259:52
269            android:name="com.messi.languagehelper.WebViewForAdActivity"
269-->src/main/AndroidManifest.xml:258:13-49
270            android:screenOrientation="portrait" />
270-->src/main/AndroidManifest.xml:259:13-49
271        <activity
271-->src/main/AndroidManifest.xml:260:9-262:52
272            android:name="com.messi.languagehelper.ListenActivity"
272-->src/main/AndroidManifest.xml:261:13-43
273            android:screenOrientation="portrait" />
273-->src/main/AndroidManifest.xml:262:13-49
274        <activity
274-->src/main/AndroidManifest.xml:263:9-265:52
275            android:name="com.messi.languagehelper.SpokenActivity"
275-->src/main/AndroidManifest.xml:264:13-43
276            android:screenOrientation="portrait" />
276-->src/main/AndroidManifest.xml:265:13-49
277        <activity
277-->src/main/AndroidManifest.xml:266:9-268:52
278            android:name="com.messi.languagehelper.WordsActivity"
278-->src/main/AndroidManifest.xml:267:13-42
279            android:screenOrientation="portrait" />
279-->src/main/AndroidManifest.xml:268:13-49
280        <activity
280-->src/main/AndroidManifest.xml:269:9-271:52
281            android:name="com.messi.languagehelper.AdEnglishActivity"
281-->src/main/AndroidManifest.xml:270:13-46
282            android:screenOrientation="portrait" />
282-->src/main/AndroidManifest.xml:271:13-49
283        <activity
283-->src/main/AndroidManifest.xml:272:9-274:52
284            android:name="com.messi.languagehelper.ShoppingActivity"
284-->src/main/AndroidManifest.xml:273:13-45
285            android:screenOrientation="portrait" />
285-->src/main/AndroidManifest.xml:274:13-49
286        <activity
286-->src/main/AndroidManifest.xml:275:9-277:52
287            android:name="com.messi.languagehelper.PybsDetailActivity"
287-->src/main/AndroidManifest.xml:276:13-47
288            android:screenOrientation="portrait" />
288-->src/main/AndroidManifest.xml:277:13-49
289        <activity
289-->src/main/AndroidManifest.xml:278:9-280:52
290            android:name="com.messi.languagehelper.PyBsActivity"
290-->src/main/AndroidManifest.xml:279:13-41
291            android:screenOrientation="portrait" />
291-->src/main/AndroidManifest.xml:280:13-49
292        <activity
292-->src/main/AndroidManifest.xml:281:9-283:52
293            android:name="com.messi.languagehelper.XmlySearchResultActivity"
293-->src/main/AndroidManifest.xml:282:13-53
294            android:screenOrientation="portrait" />
294-->src/main/AndroidManifest.xml:283:13-49
295        <activity
295-->src/main/AndroidManifest.xml:284:9-286:52
296            android:name="com.messi.languagehelper.XmlySearchActivity"
296-->src/main/AndroidManifest.xml:285:13-47
297            android:screenOrientation="portrait" />
297-->src/main/AndroidManifest.xml:286:13-49
298        <activity
298-->src/main/AndroidManifest.xml:287:9-289:52
299            android:name="com.messi.languagehelper.XimalayaRadioProvinceActivity"
299-->src/main/AndroidManifest.xml:288:13-58
300            android:screenOrientation="portrait" />
300-->src/main/AndroidManifest.xml:289:13-49
301        <activity
301-->src/main/AndroidManifest.xml:290:9-292:52
302            android:name="com.messi.languagehelper.XimalayaRadioLocalActivity"
302-->src/main/AndroidManifest.xml:291:13-55
303            android:screenOrientation="portrait" />
303-->src/main/AndroidManifest.xml:292:13-49
304        <activity
304-->src/main/AndroidManifest.xml:293:9-295:52
305            android:name="com.messi.languagehelper.XimalayaRadioTypeListActivity"
305-->src/main/AndroidManifest.xml:294:13-58
306            android:screenOrientation="portrait" />
306-->src/main/AndroidManifest.xml:295:13-49
307        <activity
307-->src/main/AndroidManifest.xml:296:9-298:52
308            android:name="com.messi.languagehelper.XimalayaRadioCategoryListActivity"
308-->src/main/AndroidManifest.xml:297:13-62
309            android:screenOrientation="portrait" />
309-->src/main/AndroidManifest.xml:298:13-49
310        <activity
310-->src/main/AndroidManifest.xml:299:9-301:52
311            android:name="com.messi.languagehelper.XimalayaRadioDetailActivity"
311-->src/main/AndroidManifest.xml:300:13-56
312            android:screenOrientation="portrait" />
312-->src/main/AndroidManifest.xml:301:13-49
313        <activity
313-->src/main/AndroidManifest.xml:302:9-304:52
314            android:name="com.messi.languagehelper.XmlyAlbumActivity"
314-->src/main/AndroidManifest.xml:303:13-46
315            android:screenOrientation="portrait" />
315-->src/main/AndroidManifest.xml:304:13-49
316        <activity
316-->src/main/AndroidManifest.xml:305:9-307:52
317            android:name="com.messi.languagehelper.XimalayaDetailActivity"
317-->src/main/AndroidManifest.xml:306:13-51
318            android:screenOrientation="portrait" />
318-->src/main/AndroidManifest.xml:307:13-49
319        <activity
319-->src/main/AndroidManifest.xml:308:9-310:52
320            android:name="com.messi.languagehelper.XimalayaTrackListActivity"
320-->src/main/AndroidManifest.xml:309:13-54
321            android:screenOrientation="portrait" />
321-->src/main/AndroidManifest.xml:310:13-49
322        <activity
322-->src/main/AndroidManifest.xml:311:9-313:52
323            android:name="com.messi.languagehelper.XimalayaTagsActiviry"
323-->src/main/AndroidManifest.xml:312:13-49
324            android:screenOrientation="portrait" />
324-->src/main/AndroidManifest.xml:313:13-49
325        <activity
325-->src/main/AndroidManifest.xml:314:9-316:52
326            android:name="com.messi.languagehelper.XmlyActivity"
326-->src/main/AndroidManifest.xml:315:13-41
327            android:screenOrientation="portrait" />
327-->src/main/AndroidManifest.xml:316:13-49
328        <activity
328-->src/main/AndroidManifest.xml:317:9-319:52
329            android:name="com.messi.languagehelper.ComExamActivity"
329-->src/main/AndroidManifest.xml:318:13-44
330            android:screenOrientation="portrait" />
330-->src/main/AndroidManifest.xml:319:13-49
331        <activity
331-->src/main/AndroidManifest.xml:320:9-323:57
332            android:name="com.messi.languagehelper.AiTuringActivity"
332-->src/main/AndroidManifest.xml:321:13-45
333            android:screenOrientation="portrait"